
         /\      Grafana   /‾‾/  
    /\  /  \     |\  __   /  /   
   /  \/    \    | |/ /  /   ‾‾\ 
  /          \   |   (  |  (‾)  |
 / __________ \  |_|\_\  \_____/ 

     execution: local
        script: /home/quind/Escritorio/PRUEBAS DE PERFORMANCE/test.js
        output: -

     scenarios: (100.00%) 1 scenario, 7 max VUs, 1m2s max duration (incl. graceful stop):
              * default: Up to 7 looping VUs for 32s over 3 stages (gracefulRampDown: 30s, gracefulStop: 30s)


running (0m01.0s), 1/7 VUs, 0 complete and 0 interrupted iterations
default   [   3% ] 1/7 VUs  01.0s/32.0s

running (0m02.0s), 1/7 VUs, 0 complete and 0 interrupted iterations
default   [   6% ] 1/7 VUs  02.0s/32.0s

running (0m03.0s), 2/7 VUs, 1 complete and 0 interrupted iterations
default   [   9% ] 2/7 VUs  03.0s/32.0s

running (0m04.0s), 2/7 VUs, 1 complete and 0 interrupted iterations
default   [  12% ] 2/7 VUs  04.0s/32.0s

running (0m05.0s), 2/7 VUs, 3 complete and 0 interrupted iterations
default   [  16% ] 2/7 VUs  05.0s/32.0s

running (0m06.0s), 3/7 VUs, 3 complete and 0 interrupted iterations
default   [  19% ] 3/7 VUs  06.0s/32.0s

running (0m07.0s), 3/7 VUs, 5 complete and 0 interrupted iterations
default   [  22% ] 3/7 VUs  07.0s/32.0s

running (0m08.0s), 4/7 VUs, 7 complete and 0 interrupted iterations
default   [  25% ] 4/7 VUs  08.0s/32.0s

running (0m09.0s), 4/7 VUs, 9 complete and 0 interrupted iterations
default   [  28% ] 4/7 VUs  09.0s/32.0s

running (0m10.0s), 4/7 VUs, 11 complete and 0 interrupted iterations
default   [  31% ] 4/7 VUs  10.0s/32.0s

running (0m11.0s), 5/7 VUs, 12 complete and 0 interrupted iterations
default   [  34% ] 5/7 VUs  11.0s/32.0s

running (0m12.0s), 5/7 VUs, 15 complete and 0 interrupted iterations
default   [  37% ] 5/7 VUs  12.0s/32.0s

running (0m13.0s), 5/7 VUs, 17 complete and 0 interrupted iterations
default   [  41% ] 5/7 VUs  13.0s/32.0s

running (0m14.0s), 5/7 VUs, 21 complete and 0 interrupted iterations
default   [  44% ] 5/7 VUs  14.0s/32.0s

running (0m15.0s), 5/7 VUs, 23 complete and 0 interrupted iterations
default   [  47% ] 5/7 VUs  15.0s/32.0s

running (0m16.0s), 5/7 VUs, 26 complete and 0 interrupted iterations
default   [  50% ] 5/7 VUs  16.0s/32.0s

running (0m17.0s), 5/7 VUs, 28 complete and 0 interrupted iterations
default   [  53% ] 5/7 VUs  17.0s/32.0s

running (0m18.0s), 5/7 VUs, 32 complete and 0 interrupted iterations
default   [  56% ] 5/7 VUs  18.0s/32.0s

running (0m19.0s), 6/7 VUs, 35 complete and 0 interrupted iterations
default   [  59% ] 6/7 VUs  19.0s/32.0s

running (0m20.0s), 6/7 VUs, 37 complete and 0 interrupted iterations
default   [  62% ] 6/7 VUs  20.0s/32.0s

running (0m21.0s), 6/7 VUs, 41 complete and 0 interrupted iterations
default   [  66% ] 6/7 VUs  21.0s/32.0s

running (0m22.0s), 6/7 VUs, 44 complete and 0 interrupted iterations
default   [  69% ] 6/7 VUs  22.0s/32.0s

running (0m23.0s), 6/7 VUs, 47 complete and 0 interrupted iterations
default   [  72% ] 6/7 VUs  23.0s/32.0s

running (0m24.0s), 6/7 VUs, 50 complete and 0 interrupted iterations
default   [  75% ] 6/7 VUs  24.0s/32.0s

running (0m25.0s), 6/7 VUs, 53 complete and 0 interrupted iterations
default   [  78% ] 6/7 VUs  25.0s/32.0s

running (0m26.0s), 6/7 VUs, 56 complete and 0 interrupted iterations
default   [  81% ] 6/7 VUs  26.0s/32.0s

running (0m27.0s), 7/7 VUs, 61 complete and 0 interrupted iterations
default   [  84% ] 7/7 VUs  27.0s/32.0s

running (0m28.0s), 7/7 VUs, 64 complete and 0 interrupted iterations
default   [  87% ] 7/7 VUs  28.0s/32.0s

running (0m29.0s), 5/7 VUs, 67 complete and 0 interrupted iterations
default   [  91% ] 5/7 VUs  29.0s/32.0s

running (0m30.0s), 4/7 VUs, 70 complete and 0 interrupted iterations
default   [  94% ] 4/7 VUs  30.0s/32.0s

running (0m31.0s), 3/7 VUs, 71 complete and 0 interrupted iterations
default   [  97% ] 3/7 VUs  31.0s/32.0s

running (0m32.0s), 1/7 VUs, 74 complete and 0 interrupted iterations
default   [ 100% ] 1/7 VUs  32.0s/32.0s

running (0m33.0s), 1/7 VUs, 74 complete and 0 interrupted iterations
default ↓ [ 100% ] 1/7 VUs  32s

running (0m33.3s), 0/7 VUs, 75 complete and 0 interrupted iterations
default ✓ [ 100% ] 0/7 VUs  32s
